<?xml version="1.0" encoding="UTF-8"?>
<testsuite xmlns:xsi="http://www.w3.org/2001/XMLSchema-instance" xsi:noNamespaceSchemaLocation="https://maven.apache.org/surefire/maven-surefire-plugin/xsd/surefire-test-report.xsd" name="com.example.pm.PriceMatrixTest" time="0.463" tests="4" errors="0" skipped="0" failures="0">
  <properties>
[...]
</properties>
  <testcase name="getPriceForItemCode1{String, double}[1]" classname="com.example.pm.PriceMatrixTest" time="0.176"/>
  <testcase name="getPriceForItemCode1{String, double}[2]" classname="com.example.pm.PriceMatrixTest" time="0.003"/>
  <testcase name="getPriceForItemCode1{String, double}[3]" classname="com.example.pm.PriceMatrixTest" time="0.004"/>
  <testcase name="shouldThrowExceptionForItemNotExist" classname="com.example.pm.PriceMatrixTest" time="0.008"/>
</testsuite>